<?xml version="1.0" encoding="UTF-8"?>
<!-- Generated by org.testng.reporters.JUnitReportReporter -->
<testsuite hostname="LAPTOP-QR0OJRAD" failures="0" tests="3" name="testRunner.TestRunner" time="2.417" errors="0" timestamp="2022-01-23T00:52:07 EST" skipped="0">
  <testcase classname="testRunner.TestRunner" name="runScenario" time="0.678"/>
  <system-out/>
  <testcase classname="testRunner.TestRunner" name="runScenario" time="1.112"/>
  <system-out/>
  <testcase classname="testRunner.TestRunner" name="runScenario" time="0.627"/>
  <system-out/>
</testsuite> <!-- testRunner.TestRunner -->
