<?xml version="1.0" encoding="UTF-8"?>
<!-- Generated by org.testng.reporters.JUnitReportReporter -->
<testsuite hostname="LAPTOP-QR0OJRAD" failures="0" tests="3" name="testRunner.TestRunner" time="2.503" errors="0" timestamp="2022-01-23T21:37:10 EST" skipped="0">
  <testcase classname="testRunner.TestRunner" name="runScenario" time="1.150"/>
  <system-out/>
  <testcase classname="testRunner.TestRunner" name="runScenario" time="0.669"/>
  <system-out/>
  <testcase classname="testRunner.TestRunner" name="runScenario" time="0.684"/>
  <system-out/>
</testsuite> <!-- testRunner.TestRunner -->
